Determining if the pthread_create exist failed with the following output:
Change Dir: /home/jingyu/Super4PCS/build/CMakeFiles/CMakeTmp

Run Build Command:"/usr/bin/make" "cmTC_d4386/fast"
/usr/bin/make -f CMakeFiles/cmTC_d4386.dir/build.make CMakeFiles/cmTC_d4386.dir/build
make[1]: Entering directory '/home/jingyu/Super4PCS/build/CMakeFiles/CMakeTmp'
Building C object CMakeFiles/cmTC_d4386.dir/CheckSymbolExists.c.o
/usr/bin/cc    -fPIC    -o CMakeFiles/cmTC_d4386.dir/CheckSymbolExists.c.o   -c /home/jingyu/Super4PCS/build/CMakeFiles/CMakeTmp/CheckSymbolExists.c
Linking C executable cmTC_d4386
/usr/bin/cmake -E cmake_link_script CMakeFiles/cmTC_d4386.dir/link.txt --verbose=1
/usr/bin/cc  -fPIC      CMakeFiles/cmTC_d4386.dir/CheckSymbolExists.c.o  -o cmTC_d4386 -rdynamic 
CMakeFiles/cmTC_d4386.dir/CheckSymbolExists.c.o: In function `main':
CheckSymbolExists.c:(.text+0x1b): undefined reference to `pthread_create'
collect2: error: ld returned 1 exit status
CMakeFiles/cmTC_d4386.dir/build.make:97: recipe for target 'cmTC_d4386' failed
make[1]: *** [cmTC_d4386] Error 1
make[1]: Leaving directory '/home/jingyu/Super4PCS/build/CMakeFiles/CMakeTmp'
Makefile:126: recipe for target 'cmTC_d4386/fast' failed
make: *** [cmTC_d4386/fast] Error 2

File /home/jingyu/Super4PCS/build/CMakeFiles/CMakeTmp/CheckSymbolExists.c:
/* */
#include <pthread.h>

int main(int argc, char** argv)
{
  (void)argv;
#ifndef pthread_create
  return ((int*)(&pthread_create))[argc];
#else
  (void)argc;
  return 0;
#endif
}

Determining if the function pthread_create exists in the pthreads failed with the following output:
Change Dir: /home/jingyu/Super4PCS/build/CMakeFiles/CMakeTmp

Run Build Command:"/usr/bin/make" "cmTC_fe034/fast"
/usr/bin/make -f CMakeFiles/cmTC_fe034.dir/build.make CMakeFiles/cmTC_fe034.dir/build
make[1]: Entering directory '/home/jingyu/Super4PCS/build/CMakeFiles/CMakeTmp'
Building C object CMakeFiles/cmTC_fe034.dir/CheckFunctionExists.c.o
/usr/bin/cc    -fPIC -DCHECK_FUNCTION_EXISTS=pthread_create   -o CMakeFiles/cmTC_fe034.dir/CheckFunctionExists.c.o   -c /usr/share/cmake-3.5/Modules/CheckFunctionExists.c
Linking C executable cmTC_fe034
/usr/bin/cmake -E cmake_link_script CMakeFiles/cmTC_fe034.dir/link.txt --verbose=1
/usr/bin/cc  -fPIC -DCHECK_FUNCTION_EXISTS=pthread_create     CMakeFiles/cmTC_fe034.dir/CheckFunctionExists.c.o  -o cmTC_fe034 -rdynamic -lpthreads 
/usr/bin/ld: cannot find -lpthreads
collect2: error: ld returned 1 exit status
CMakeFiles/cmTC_fe034.dir/build.make:97: recipe for target 'cmTC_fe034' failed
make[1]: *** [cmTC_fe034] Error 1
make[1]: Leaving directory '/home/jingyu/Super4PCS/build/CMakeFiles/CMakeTmp'
Makefile:126: recipe for target 'cmTC_fe034/fast' failed
make: *** [cmTC_fe034/fast] Error 2


